Flow report for DE1_SoC_CAMERA
Wed Apr 30 02:48:31 2025
Quartus Prime Version 24.1std.0 Build 1077 03/04/2025 SC Lite Edition


---------------------
; Table of Contents ;
---------------------
  1. Legal Notice
  2. Flow Summary
  3. Flow Settings
  4. Flow Non-Default Global Settings
  5. Flow Elapsed Time
  6. Flow OS Summary
  7. Flow Log
  8. Flow Messages
  9. Flow Suppressed Messages



----------------
; Legal Notice ;
----------------
Copyright (C) 2025  Altera Corporation. All rights reserved.
Your use of Altera Corporation's design tools, logic functions 
and other software and tools, and any partner logic 
functions, and any output files from any of the foregoing 
(including device programming or simulation files), and any 
associated documentation or information are expressly subject 
to the terms and conditions of the Altera Program License 
Subscription Agreement, the Altera Quartus Prime License Agreement,
the Altera IP License Agreement, or other applicable license
agreement, including, without limitation, that your use is for
the sole purpose of programming logic devices manufactured by
Altera and sold by Altera or its authorized distributors.  Please
refer to the Altera Software License Subscription Agreements 
on the Quartus Prime software download page.



+-----------------------------------------------------------------------------------+
; Flow Summary                                                                      ;
+---------------------------------+-------------------------------------------------+
; Flow Status                     ; Successful - Wed Apr 30 02:48:17 2025           ;
; Quartus Prime Version           ; 24.1std.0 Build 1077 03/04/2025 SC Lite Edition ;
; Revision Name                   ; DE1_SoC_CAMERA                                  ;
; Top-level Entity Name           ; DE1_SoC_CAMERA                                  ;
; Family                          ; Cyclone V                                       ;
; Device                          ; 5CSEMA5F31C6                                    ;
; Timing Models                   ; Final                                           ;
; Logic utilization (in ALMs)     ; 6,551 / 32,070 ( 20 % )                         ;
; Total registers                 ; 10962                                           ;
; Total pins                      ; 226 / 457 ( 49 % )                              ;
; Total virtual pins              ; 0                                               ;
; Total block memory bits         ; 1,918,644 / 4,065,280 ( 47 % )                  ;
; Total DSP Blocks                ; 0 / 87 ( 0 % )                                  ;
; Total HSSI RX PCSs              ; 0                                               ;
; Total HSSI PMA RX Deserializers ; 0                                               ;
; Total HSSI TX PCSs              ; 0                                               ;
; Total HSSI PMA TX Serializers   ; 0                                               ;
; Total PLLs                      ; 1 / 6 ( 17 % )                                  ;
; Total DLLs                      ; 0 / 4 ( 0 % )                                   ;
+---------------------------------+-------------------------------------------------+


+-----------------------------------------+
; Flow Settings                           ;
+-------------------+---------------------+
; Option            ; Setting             ;
+-------------------+---------------------+
; Start date & time ; 04/30/2025 02:43:45 ;
; Main task         ; Compilation         ;
; Revision Name     ; DE1_SoC_CAMERA      ;
+-------------------+---------------------+


+-------------------------------------------------------------------------------------------------------------------------------------------------------------------------------------------------------------------------------------------------------------------------------------------------------------------------------+
; Flow Non-Default Global Settings                                                                                                                                                                                                                                                                                              ;
+-------------------------------------+----------------------------------------------------------------------------------------------------------------------------------------------------------------------------------------------------------------------------------------+---------------+-------------+------------------+
; Assignment Name                     ; Value                                                                                                                                                                                                                                  ; Default Value ; Entity Name ; Section Id       ;
+-------------------------------------+----------------------------------------------------------------------------------------------------------------------------------------------------------------------------------------------------------------------------------------+---------------+-------------+------------------+
; COMPILER_SIGNATURE_ID               ; 18152781476776.174599902531092                                                                                                                                                                                                         ; --            ; --          ; --               ;
; ENABLE_SIGNALTAP                    ; On                                                                                                                                                                                                                                     ; --            ; --          ; --               ;
; MAX_CORE_JUNCTION_TEMP              ; 85                                                                                                                                                                                                                                     ; --            ; --          ; --               ;
; MIN_CORE_JUNCTION_TEMP              ; 0                                                                                                                                                                                                                                      ; --            ; --          ; --               ;
; MISC_FILE                           ; v/sdram_pll.cmp                                                                                                                                                                                                                        ; --            ; --          ; --               ;
; MISC_FILE                           ; v/sdram_pll_sim/sdram_pll.vo                                                                                                                                                                                                           ; --            ; --          ; --               ;
; MISC_FILE                           ; v/Line_Buffer1.bsf                                                                                                                                                                                                                     ; --            ; --          ; --               ;
; MISC_FILE                           ; start_screen_inst.v                                                                                                                                                                                                                    ; --            ; --          ; --               ;
; MISC_FILE                           ; start_screen_bb.v                                                                                                                                                                                                                      ; --            ; --          ; --               ;
; MISC_FILE                           ; start_screen_3_inst.v                                                                                                                                                                                                                  ; --            ; --          ; --               ;
; MISC_FILE                           ; start_screen_3_bb.v                                                                                                                                                                                                                    ; --            ; --          ; --               ;
; MISC_FILE                           ; start_screen_2_inst.v                                                                                                                                                                                                                  ; --            ; --          ; --               ;
; MISC_FILE                           ; start_screen_2_bb.v                                                                                                                                                                                                                    ; --            ; --          ; --               ;
; MISC_FILE                           ; start_screen_1_inst.v                                                                                                                                                                                                                  ; --            ; --          ; --               ;
; MISC_FILE                           ; start_screen_1_bb.v                                                                                                                                                                                                                    ; --            ; --          ; --               ;
; MISC_FILE                           ; angles_u_inst.v                                                                                                                                                                                                                        ; --            ; --          ; --               ;
; MISC_FILE                           ; angles_u_bb.v                                                                                                                                                                                                                          ; --            ; --          ; --               ;
; MISC_FILE                           ; angles_lr_inst.v                                                                                                                                                                                                                       ; --            ; --          ; --               ;
; MISC_FILE                           ; angles_lr_bb.v                                                                                                                                                                                                                         ; --            ; --          ; --               ;
; MISC_FILE                           ; angles_ll_inst.v                                                                                                                                                                                                                       ; --            ; --          ; --               ;
; MISC_FILE                           ; angles_ll_bb.v                                                                                                                                                                                                                         ; --            ; --          ; --               ;
; MISC_FILE                           ; end_screen_inst.v                                                                                                                                                                                                                      ; --            ; --          ; --               ;
; MISC_FILE                           ; end_screen_bb.v                                                                                                                                                                                                                        ; --            ; --          ; --               ;
; MISC_FILE                           ; start_screen_second_inst.v                                                                                                                                                                                                             ; --            ; --          ; --               ;
; MISC_FILE                           ; start_screen_second_bb.v                                                                                                                                                                                                               ; --            ; --          ; --               ;
; MISC_FILE                           ; end_screen_1star_inst.v                                                                                                                                                                                                                ; --            ; --          ; --               ;
; MISC_FILE                           ; end_screen_1star_bb.v                                                                                                                                                                                                                  ; --            ; --          ; --               ;
; MISC_FILE                           ; end_screen_2star_inst.v                                                                                                                                                                                                                ; --            ; --          ; --               ;
; MISC_FILE                           ; end_screen_2star_bb.v                                                                                                                                                                                                                  ; --            ; --          ; --               ;
; MISC_FILE                           ; end_screen_3star_inst.v                                                                                                                                                                                                                ; --            ; --          ; --               ;
; MISC_FILE                           ; end_screen_3star_bb.v                                                                                                                                                                                                                  ; --            ; --          ; --               ;
; MISC_FILE                           ; end_screen_4star_inst.v                                                                                                                                                                                                                ; --            ; --          ; --               ;
; MISC_FILE                           ; end_screen_4star_bb.v                                                                                                                                                                                                                  ; --            ; --          ; --               ;
; MISC_FILE                           ; end_screen_5star_inst.v                                                                                                                                                                                                                ; --            ; --          ; --               ;
; MISC_FILE                           ; end_screen_5star_bb.v                                                                                                                                                                                                                  ; --            ; --          ; --               ;
; PARTITION_COLOR                     ; -- (Not supported for targeted family)                                                                                                                                                                                                 ; --            ; --          ; Top              ;
; PARTITION_FITTER_PRESERVATION_LEVEL ; -- (Not supported for targeted family)                                                                                                                                                                                                 ; --            ; --          ; Top              ;
; PARTITION_NETLIST_TYPE              ; -- (Not supported for targeted family)                                                                                                                                                                                                 ; --            ; --          ; Top              ;
; POWER_BOARD_THERMAL_MODEL           ; None (CONSERVATIVE)                                                                                                                                                                                                                    ; --            ; --          ; --               ;
; POWER_PRESET_COOLING_SOLUTION       ; 23 MM HEAT SINK WITH 200 LFPM AIRFLOW                                                                                                                                                                                                  ; --            ; --          ; --               ;
; SLD_FILE                            ; db/stp2_auto_stripped.stp                                                                                                                                                                                                              ; --            ; --          ; --               ;
; SLD_NODE_CREATOR_ID                 ; 110                                                                                                                                                                                                                                    ; --            ; --          ; auto_signaltap_0 ;
; SLD_NODE_ENTITY_NAME                ; sld_signaltap                                                                                                                                                                                                                          ; --            ; --          ; auto_signaltap_0 ;
; SLD_NODE_PARAMETER_ASSIGNMENT       ; SLD_RAM_BLOCK_TYPE=AUTO                                                                                                                                                                                                                ; --            ; --          ; auto_signaltap_0 ;
; SLD_NODE_PARAMETER_ASSIGNMENT       ; SLD_NODE_INFO=805334528                                                                                                                                                                                                                ; --            ; --          ; auto_signaltap_0 ;
; SLD_NODE_PARAMETER_ASSIGNMENT       ; SLD_POWER_UP_TRIGGER=0                                                                                                                                                                                                                 ; --            ; --          ; auto_signaltap_0 ;
; SLD_NODE_PARAMETER_ASSIGNMENT       ; SLD_SEGMENT_SIZE=128                                                                                                                                                                                                                   ; --            ; --          ; auto_signaltap_0 ;
; SLD_NODE_PARAMETER_ASSIGNMENT       ; SLD_ATTRIBUTE_MEM_MODE=OFF                                                                                                                                                                                                             ; --            ; --          ; auto_signaltap_0 ;
; SLD_NODE_PARAMETER_ASSIGNMENT       ; SLD_STATE_FLOW_USE_GENERATED=0                                                                                                                                                                                                         ; --            ; --          ; auto_signaltap_0 ;
; SLD_NODE_PARAMETER_ASSIGNMENT       ; SLD_STATE_BITS=11                                                                                                                                                                                                                      ; --            ; --          ; auto_signaltap_0 ;
; SLD_NODE_PARAMETER_ASSIGNMENT       ; SLD_BUFFER_FULL_STOP=1                                                                                                                                                                                                                 ; --            ; --          ; auto_signaltap_0 ;
; SLD_NODE_PARAMETER_ASSIGNMENT       ; SLD_CURRENT_RESOURCE_WIDTH=1                                                                                                                                                                                                           ; --            ; --          ; auto_signaltap_0 ;
; SLD_NODE_PARAMETER_ASSIGNMENT       ; SLD_STORAGE_QUALIFIER_GAP_RECORD=1                                                                                                                                                                                                     ; --            ; --          ; auto_signaltap_0 ;
; SLD_NODE_PARAMETER_ASSIGNMENT       ; SLD_STORAGE_QUALIFIER_MODE=TRANSITIONAL                                                                                                                                                                                                ; --            ; --          ; auto_signaltap_0 ;
; SLD_NODE_PARAMETER_ASSIGNMENT       ; SLD_INCREMENTAL_ROUTING=1                                                                                                                                                                                                              ; --            ; --          ; auto_signaltap_0 ;
; SLD_NODE_PARAMETER_ASSIGNMENT       ; SLD_TRIGGER_LEVEL=1                                                                                                                                                                                                                    ; --            ; --          ; auto_signaltap_0 ;
; SLD_NODE_PARAMETER_ASSIGNMENT       ; SLD_SAMPLE_DEPTH=128                                                                                                                                                                                                                   ; --            ; --          ; auto_signaltap_0 ;
; SLD_NODE_PARAMETER_ASSIGNMENT       ; SLD_TRIGGER_IN_ENABLED=0                                                                                                                                                                                                               ; --            ; --          ; auto_signaltap_0 ;
; SLD_NODE_PARAMETER_ASSIGNMENT       ; SLD_TRIGGER_PIPELINE=0                                                                                                                                                                                                                 ; --            ; --          ; auto_signaltap_0 ;
; SLD_NODE_PARAMETER_ASSIGNMENT       ; SLD_RAM_PIPELINE=0                                                                                                                                                                                                                     ; --            ; --          ; auto_signaltap_0 ;
; SLD_NODE_PARAMETER_ASSIGNMENT       ; SLD_COUNTER_PIPELINE=0                                                                                                                                                                                                                 ; --            ; --          ; auto_signaltap_0 ;
; SLD_NODE_PARAMETER_ASSIGNMENT       ; SLD_ADVANCED_TRIGGER_ENTITY=basic,1,                                                                                                                                                                                                   ; --            ; --          ; auto_signaltap_0 ;
; SLD_NODE_PARAMETER_ASSIGNMENT       ; SLD_TRIGGER_LEVEL_PIPELINE=1                                                                                                                                                                                                           ; --            ; --          ; auto_signaltap_0 ;
; SLD_NODE_PARAMETER_ASSIGNMENT       ; SLD_ENABLE_ADVANCED_TRIGGER=0                                                                                                                                                                                                          ; --            ; --          ; auto_signaltap_0 ;
; SLD_NODE_PARAMETER_ASSIGNMENT       ; SLD_DATA_BITS=99                                                                                                                                                                                                                       ; --            ; --          ; auto_signaltap_0 ;
; SLD_NODE_PARAMETER_ASSIGNMENT       ; SLD_TRIGGER_BITS=30                                                                                                                                                                                                                    ; --            ; --          ; auto_signaltap_0 ;
; SLD_NODE_PARAMETER_ASSIGNMENT       ; SLD_STORAGE_QUALIFIER_BITS=99                                                                                                                                                                                                          ; --            ; --          ; auto_signaltap_0 ;
; SLD_NODE_PARAMETER_ASSIGNMENT       ; SLD_INVERSION_MASK=0000000000000000000000000000000000000000000000000000000000000000000000000000000000000000000000000000000000000000000000000000000000000000000000000000000000000000000000000000000000000000000000000000000000000000000 ; --            ; --          ; auto_signaltap_0 ;
; SLD_NODE_PARAMETER_ASSIGNMENT       ; SLD_INVERSION_MASK_LENGTH=211                                                                                                                                                                                                          ; --            ; --          ; auto_signaltap_0 ;
; SLD_NODE_PARAMETER_ASSIGNMENT       ; SLD_STORAGE_QUALIFIER_INVERSION_MASK_LENGTH=100                                                                                                                                                                                        ; --            ; --          ; auto_signaltap_0 ;
; SPD_FILE                            ; v/sdram_pll.spd                                                                                                                                                                                                                        ; --            ; --          ; --               ;
; SYNTHESIS_ONLY_QIP                  ; On                                                                                                                                                                                                                                     ; --            ; --          ; --               ;
; USE_SIGNALTAP_FILE                  ; stp2.stp                                                                                                                                                                                                                               ; --            ; --          ; --               ;
+-------------------------------------+----------------------------------------------------------------------------------------------------------------------------------------------------------------------------------------------------------------------------------------+---------------+-------------+------------------+


+--------------------------------------------------------------------------------------------------------------------------+
; Flow Elapsed Time                                                                                                        ;
+----------------------+--------------+-------------------------+---------------------+------------------------------------+
; Module Name          ; Elapsed Time ; Average Processors Used ; Peak Virtual Memory ; Total CPU Time (on all processors) ;
+----------------------+--------------+-------------------------+---------------------+------------------------------------+
; Analysis & Synthesis ; 00:00:32     ; 2.0                     ; 6148 MB             ; 00:01:07                           ;
; Fitter               ; 00:03:46     ; 1.2                     ; 7552 MB             ; 00:17:02                           ;
; Assembler            ; 00:00:08     ; 1.0                     ; 5353 MB             ; 00:00:07                           ;
; Timing Analyzer      ; 00:00:13     ; 2.9                     ; 5680 MB             ; 00:00:33                           ;
; Total                ; 00:04:39     ; --                      ; --                  ; 00:18:49                           ;
+----------------------+--------------+-------------------------+---------------------+------------------------------------+


+------------------------------------------------------------------------------------+
; Flow OS Summary                                                                    ;
+----------------------+------------------+------------+------------+----------------+
; Module Name          ; Machine Hostname ; OS Name    ; OS Version ; Processor type ;
+----------------------+------------------+------------+------------+----------------+
; Analysis & Synthesis ; pi_d             ; Windows 10 ; 10.0       ; x86_64         ;
; Fitter               ; pi_d             ; Windows 10 ; 10.0       ; x86_64         ;
; Assembler            ; pi_d             ; Windows 10 ; 10.0       ; x86_64         ;
; Timing Analyzer      ; pi_d             ; Windows 10 ; 10.0       ; x86_64         ;
+----------------------+------------------+------------+------------+----------------+


------------
; Flow Log ;
------------
quartus_map --read_settings_files=on --write_settings_files=off DE1_SoC_CAMERA -c DE1_SoC_CAMERA
quartus_fit --read_settings_files=off --write_settings_files=off DE1_SoC_CAMERA -c DE1_SoC_CAMERA
quartus_asm --read_settings_files=off --write_settings_files=off DE1_SoC_CAMERA -c DE1_SoC_CAMERA
quartus_sta DE1_SoC_CAMERA -c DE1_SoC_CAMERA



